2021-01-20 23:18:25 - PHP Warning:  mysqli::__construct(): (HY000/2002): No such file or directory in /home/htorpeda/torpedaclub.com.ua/www/system/library/db/mysqli.php on line 7
2021-01-20 23:18:25 - PHP Warning:  DB\MySQLi::__construct(): Couldn't fetch mysqli in /home/htorpeda/torpedaclub.com.ua/www/system/library/db/mysqli.php on line 10
2021-01-20 23:18:25 - PHP Warning:  DB\MySQLi::__construct(): Couldn't fetch mysqli in /home/htorpeda/torpedaclub.com.ua/www/system/library/db/mysqli.php on line 10
2021-01-20 23:18:25 - PHP Notice:  Undefined variable: mysql in /home/htorpeda/torpedaclub.com.ua/www/install/controller/install/step_3.php on line 281
2021-01-20 23:18:25 - PHP Notice:  Trying to get property 'connect_error' of non-object in /home/htorpeda/torpedaclub.com.ua/www/install/controller/install/step_3.php on line 281
2021-01-20 23:20:59 - PHP Warning:  mysqli::__construct(): (HY000/2002): No such file or directory in /home/htorpeda/torpedaclub.com.ua/www/system/library/db/mysqli.php on line 7
2021-01-20 23:20:59 - PHP Warning:  DB\MySQLi::__construct(): Couldn't fetch mysqli in /home/htorpeda/torpedaclub.com.ua/www/system/library/db/mysqli.php on line 10
2021-01-20 23:20:59 - PHP Warning:  DB\MySQLi::__construct(): Couldn't fetch mysqli in /home/htorpeda/torpedaclub.com.ua/www/system/library/db/mysqli.php on line 10
2021-01-20 23:20:59 - PHP Notice:  Undefined variable: mysql in /home/htorpeda/torpedaclub.com.ua/www/install/controller/install/step_3.php on line 281
2021-01-20 23:20:59 - PHP Notice:  Trying to get property 'connect_error' of non-object in /home/htorpeda/torpedaclub.com.ua/www/install/controller/install/step_3.php on line 281
2021-01-21 1:29:50 - PHP Notice:  Undefined index: city in /home/htorpeda/torpedaclub.com.ua/storage/modification/catalog/controller/checkout/guest.php on line 192
2021-01-21 1:31:03 - PHP Notice:  Undefined index: city in /home/htorpeda/torpedaclub.com.ua/storage/modification/catalog/controller/checkout/guest.php on line 192
2021-01-21 1:31:36 - PHP Notice:  Undefined index: city in /home/htorpeda/torpedaclub.com.ua/storage/modification/catalog/controller/checkout/guest.php on line 192
2021-01-21 1:34:14 - PHP Notice:  Undefined index: city in /home/htorpeda/torpedaclub.com.ua/storage/modification/catalog/controller/checkout/guest.php on line 192
2021-01-21 1:40:14 - PHP Notice:  Undefined index: city in /home/htorpeda/torpedaclub.com.ua/storage/modification/catalog/controller/checkout/guest.php on line 192
2021-01-21 1:45:35 - PHP Notice:  Undefined index: city in /home/htorpeda/torpedaclub.com.ua/storage/modification/catalog/controller/checkout/guest.php on line 192
2021-01-21 1:45:52 - PHP Notice:  Undefined index: city in /home/htorpeda/torpedaclub.com.ua/storage/modification/catalog/controller/checkout/guest.php on line 192
2021-01-21 1:46:52 - PHP Notice:  Undefined index: city in /home/htorpeda/torpedaclub.com.ua/storage/modification/catalog/controller/checkout/register.php on line 154
2021-01-21 2:14:43 - PHP Warning:  unlink(/home/htorpeda/torpedaclub.com.ua/storage/cache/cache.catalog.language.1611198883): No such file or directory in /home/htorpeda/torpedaclub.com.ua/www/system/library/cache/file.php on line 68
2021-01-21 2:14:43 - PHP Warning:  fopen(/home/htorpeda/torpedaclub.com.ua/storage/cache/cache.article.total.1.0.1.9ad218453f833c1f2c56dc4a018ae03d.1611198876): failed to open stream: No such file or directory in /home/htorpeda/torpedaclub.com.ua/www/system/library/cache/file.php on line 28
2021-01-21 2:14:43 - PHP Warning:  flock() expects parameter 1 to be resource, bool given in /home/htorpeda/torpedaclub.com.ua/www/system/library/cache/file.php on line 30
2021-01-21 2:14:43 - PHP Warning:  filesize(): stat failed for /home/htorpeda/torpedaclub.com.ua/storage/cache/cache.article.total.1.0.1.9ad218453f833c1f2c56dc4a018ae03d.1611198876 in /home/htorpeda/torpedaclub.com.ua/www/system/library/cache/file.php on line 32
2021-01-21 2:14:43 - PHP Warning:  fread() expects parameter 1 to be resource, bool given in /home/htorpeda/torpedaclub.com.ua/www/system/library/cache/file.php on line 32
2021-01-21 2:14:43 - PHP Warning:  flock() expects parameter 1 to be resource, bool given in /home/htorpeda/torpedaclub.com.ua/www/system/library/cache/file.php on line 34
2021-01-21 2:14:43 - PHP Warning:  fclose() expects parameter 1 to be resource, bool given in /home/htorpeda/torpedaclub.com.ua/www/system/library/cache/file.php on line 36
2021-01-25 23:36:58 - PHP Warning:  unlink(/home/htorpeda/torpedaclub.com.ua/storage/cache/cache.catalog.language.1611621408): No such file or directory in /home/htorpeda/torpedaclub.com.ua/www/system/library/cache/file.php on line 68
2021-01-26 0:02:25 - simple wrong license 3 torpedaclub.com.ua
2021-01-26 0:30:27 - simple wrong license 3 torpedaclub.com.ua
2021-03-05 16:53:21 - PHP Warning:  unlink(/home/htorpeda/torpedaclub.com.ua/storage/cache/cache.catalog.language.1614966800): No such file or directory in /home/htorpeda/torpedaclub.com.ua/www/system/library/cache/file.php on line 68
