2021-04-08 16:34:32 - Вариант доставки: Курьерская доставка отключена в настройках модуля
2021-04-08 16:34:39 - Вариант доставки: Курьерская доставка отключена в настройках модуля
2021-04-08 16:34:49 - Вариант доставки: Курьерская доставка отключена в настройках модуля
2021-04-08 17:16:59 - Вариант доставки: Курьерская доставка отключена в настройках модуля
2021-04-08 17:17:02 - Вариант доставки: Курьерская доставка отключена в настройках модуля
2021-04-08 17:17:07 - Вариант доставки: Курьерская доставка отключена в настройках модуля
2021-04-08 17:17:09 - Вариант доставки: Курьерская доставка отключена в настройках модуля
2021-04-08 17:17:11 - Вариант доставки: Курьерская доставка отключена в настройках модуля
2021-04-08 17:17:12 - Вариант доставки: Курьерская доставка отключена в настройках модуля
2021-04-08 17:17:15 - Вариант доставки: Курьерская доставка отключена в настройках модуля
2021-04-08 17:17:19 - Вариант доставки: Курьерская доставка отключена в настройках модуля
2021-04-08 17:17:24 - Вариант доставки: Курьерская доставка отключена в настройках модуля
2021-04-08 17:19:12 - Вариант доставки: Курьерская доставка отключена в настройках модуля
2021-04-08 17:19:19 - Вариант доставки: Курьерская доставка отключена в настройках модуля
2021-04-08 17:19:26 - Вариант доставки: Курьерская доставка отключена в настройках модуля
2021-04-08 17:19:27 - Вариант доставки: Курьерская доставка отключена в настройках модуля
2021-04-08 17:20:01 - Вариант доставки: Курьерская доставка отключена в настройках модуля
2021-04-08 17:22:31 - Вариант доставки: Курьерская доставка отключена в настройках модуля
2021-04-08 17:26:49 - Вариант доставки: Курьерская доставка отключена в настройках модуля
2021-04-08 17:27:09 - Вариант доставки: Курьерская доставка отключена в настройках модуля
2021-04-08 18:51:21 - Вариант доставки: Курьерская доставка отключена в настройках модуля
2021-04-08 18:51:49 - Номер заказа: 28 Ошибка создания накладной. Error: Array
(
    [0] => RecipientAddress not selected
    [1] => ContactRecipient To Doors must be full
)

2021-04-09 01:25:22 - Вариант доставки: Курьерская доставка отключена в настройках модуля
2021-04-09 08:16:13 - Вариант доставки: Курьерская доставка отключена в настройках модуля
2021-04-09 08:27:52 - Номер заказа: 30 Ошибка создания получателя. Данные: Array
(
    [modelName] => Counterparty
    [calledMethod] => save
    [methodProperties] => Array
        (
            [FirstName] => Богдан 
            [MiddleName] => 
            [LastName] => Кравченко122
            [Phone] => 3333333
            [Email] => kravchenko8ns@gmail.com
            [CounterpartyType] => PrivatePerson
            [CounterpartyProperty] => Recipient
        )

)
Ошибка: LastName has invalid characters
2021-04-09 08:59:16 - Вариант доставки: Курьерская доставка отключена в настройках модуля
2021-04-09 09:00:41 - Номер заказа: 31 Ошибка создания получателя. Данные: Array
(
    [modelName] => Counterparty
    [calledMethod] => save
    [methodProperties] => Array
        (
            [FirstName] => Богдан 
            [MiddleName] => 
            [LastName] => Кравченко122
            [Phone] => 342324234
            [Email] => 111@gmail.com
            [CounterpartyType] => PrivatePerson
            [CounterpartyProperty] => Recipient
        )

)
Ошибка: LastName has invalid characters
